<?xml version="1.0" encoding="UTF-8"?>
<testsuite name="PrioritizedTest" tests="3" skipped="0" failures="0" errors="0" timestamp="2021-04-18T16:08:38" hostname="Elnara.Asadova" time="0.001">
  <properties/>
  <testcase name="thirdTestPriority1" classname="PrioritizedTest" time="0.0"/>
  <testcase name="secondTestPriority2" classname="PrioritizedTest" time="0.001"/>
  <testcase name="firstTestPriority3" classname="PrioritizedTest" time="0.0"/>
  <system-out><![CDATA[thirdTestPriority1
secondTestPriority2
firstTestPriority3
]]></system-out>
  <system-err><![CDATA[]]></system-err>
</testsuite>
